<?xml version="1.0" encoding="UTF-8"?>
<!-- Generated by org.testng.reporters.JUnitXMLReporter -->
<testsuite ignored="0" hostname="DESKTOP-8KEHNDV" failures="0" tests="4" name="Button" time="7.072" errors="0" timestamp="2023-08-27T00:43:44 IST">
  <testcase classname="testing_test.Buttons_Test" name="clickonButtons" time="2.391"/>
  <testcase classname="testing_test.Buttons_Test" name="rightclick" time="2.211"/>
  <testcase classname="testing_test.Buttons_Test" name="onlyclick" time="2.307"/>
  <testcase classname="testing_test.Buttons_Test" name="verifyButtons" time="0.153"/>
</testsuite> <!-- Button -->
