<?xml version="1.0" encoding="UTF-8"?>
<!-- Generated by org.testng.reporters.JUnitXMLReporter -->
<testsuite ignored="0" hostname="DESKTOP-8KEHNDV" failures="0" tests="5" name="CheckBox" time="2.953" errors="0" timestamp="2023-08-27T00:43:36 IST">
  <testcase classname="testing_test.CheckBox_Test" name="clickonCheckBox" time="0.266"/>
  <testcase classname="testing_test.CheckBox_Test" name="clickonMobile" time="0.933"/>
  <testcase classname="testing_test.CheckBox_Test" name="clickonLaptop" time="0.398"/>
  <testcase classname="testing_test.CheckBox_Test" name="clickonDesktop" time="0.369"/>
  <testcase classname="testing_test.CheckBox_Test" name="clickonRadioBtn" time="0.969"/>
</testsuite> <!-- CheckBox -->
