<?xml version="1.0" encoding="UTF-8"?>
<!-- Generated by org.testng.reporters.JUnitXMLReporter -->
<testsuite ignored="0" hostname="DESKTOP-8KEHNDV" failures="0" tests="3" name="DropDown" time="5.272" errors="0" timestamp="2023-08-27T00:44:03 IST">
  <testcase classname="testing_test.DropDown_Test" name="selectDataByDropDownList" time="3.793"/>
  <testcase classname="testing_test.DropDown_Test" name="dataSelectByMultiOption" time="0.581"/>
  <testcase classname="testing_test.DropDown_Test" name="quitDriver" time="0.886"/>
</testsuite> <!-- DropDown -->
