<?xml version="1.0" encoding="UTF-8"?>
<!-- Generated by org.testng.reporters.JUnitXMLReporter -->
<testsuite ignored="0" hostname="LAPTOP-CR4UOQ2N" failures="0" tests="3" name="Test" time="12.849" errors="0" timestamp="2023-08-10T15:13:58 IST">
  <testcase classname="testing_test.Login_Test_Page" name="getlaunch" time="12.058"/>
  <testcase classname="testing_test.Login_Test_Page" name="clickOnInputNumber" time="0.041"/>
  <testcase classname="testing_test.Login_Test_Page" name="clickOnCheckBox" time="0.688"/>
</testsuite> <!-- Test -->
