<?xml version="1.0" encoding="UTF-8"?>
<!-- Generated by org.testng.reporters.JUnitXMLReporter -->
<testsuite ignored="0" hostname="DESKTOP-8KEHNDV" failures="0" tests="4" name="Text Box" time="2.224" errors="0" timestamp="2023-08-27T00:43:27 IST">
  <testcase classname="testing_test.TextBox_test" name="clickonelements" time="0.147"/>
  <testcase classname="testing_test.TextBox_test" name="clicktextbox" time="0.155"/>
  <testcase classname="testing_test.TextBox_test" name="tc01" time="1.231"/>
  <testcase classname="testing_test.TextBox_test" name="getverify" time="0.51"/>
</testsuite> <!-- Text Box -->
