<?xml version="1.0" encoding="UTF-8"?>
<!-- Generated by org.testng.reporters.JUnitXMLReporter -->
<testsuite ignored="0" hostname="DESKTOP-8KEHNDV" failures="0" tests="3" name="Web Tables" time="5.95" errors="0" timestamp="2023-08-27T00:43:33 IST">
  <testcase classname="testing_test.WebTables_Test" name="clickOnWeb" time="3.626"/>
  <testcase classname="testing_test.WebTables_Test" name="getvalidate" time="0.295"/>
  <testcase classname="testing_test.WebTables_Test" name="updateData" time="2.021"/>
</testsuite> <!-- Web Tables -->
